2025-01-06 14:14:45 [scrapy.core.scraper] ERROR: Spider error processing <GET https://repo.pw.edu.pl> (referer: None)
Traceback (most recent call last):
  File "/home/milosz/.local/lib/python3.10/site-packages/scrapy/utils/defer.py", line 295, in aiter_errback
    yield await it.__anext__()
  File "/home/milosz/.local/lib/python3.10/site-packages/scrapy/utils/python.py", line 374, in __anext__
    return await self.data.__anext__()
  File "/home/milosz/.local/lib/python3.10/site-packages/scrapy/utils/python.py", line 355, in _async_chain
    async for o in as_async_generator(it):
  File "/home/milosz/.local/lib/python3.10/site-packages/scrapy/utils/asyncgen.py", line 14, in as_async_generator
    async for r in it:
  File "/home/milosz/.local/lib/python3.10/site-packages/scrapy/utils/python.py", line 374, in __anext__
    return await self.data.__anext__()
  File "/home/milosz/.local/lib/python3.10/site-packages/scrapy/utils/python.py", line 355, in _async_chain
    async for o in as_async_generator(it):
  File "/home/milosz/.local/lib/python3.10/site-packages/scrapy/utils/asyncgen.py", line 14, in as_async_generator
    async for r in it:
  File "/home/milosz/.local/lib/python3.10/site-packages/scrapy/core/spidermw.py", line 118, in process_async
    async for r in iterable:
  File "/home/milosz/.local/lib/python3.10/site-packages/scrapy/spidermiddlewares/referer.py", line 355, in process_spider_output_async
    async for r in result or ():
  File "/home/milosz/.local/lib/python3.10/site-packages/scrapy/core/spidermw.py", line 118, in process_async
    async for r in iterable:
  File "/home/milosz/.local/lib/python3.10/site-packages/scrapy/spidermiddlewares/urllength.py", line 30, in process_spider_output_async
    async for r in result or ():
  File "/home/milosz/.local/lib/python3.10/site-packages/scrapy/core/spidermw.py", line 118, in process_async
    async for r in iterable:
  File "/home/milosz/.local/lib/python3.10/site-packages/scrapy/spidermiddlewares/depth.py", line 35, in process_spider_output_async
    async for r in result or ():
  File "/home/milosz/.local/lib/python3.10/site-packages/scrapy/core/spidermw.py", line 118, in process_async
    async for r in iterable:
  File "/home/milosz/Desktop/pw_scraper/PW-Scraper/pw_scraper/spiders/publications.py", line 36, in parse_pages
    await page.wait_for_selector('span.entitiesDataListTotalPages', state='visible')
  File "/home/milosz/.local/lib/python3.10/site-packages/playwright/async_api/_generated.py", line 8158, in wait_for_selector
    await self._impl_obj.wait_for_selector(
  File "/home/milosz/.local/lib/python3.10/site-packages/playwright/_impl/_page.py", line 426, in wait_for_selector
    return await self._main_frame.wait_for_selector(**locals_to_params(locals()))
  File "/home/milosz/.local/lib/python3.10/site-packages/playwright/_impl/_frame.py", line 323, in wait_for_selector
    await self._channel.send("waitForSelector", locals_to_params(locals()))
  File "/home/milosz/.local/lib/python3.10/site-packages/playwright/_impl/_connection.py", line 59, in send
    return await self._connection.wrap_api_call(
  File "/home/milosz/.local/lib/python3.10/site-packages/playwright/_impl/_connection.py", line 520, in wrap_api_call
    raise rewrite_error(error, f"{parsed_st['apiName']}: {error}") from None
playwright._impl._errors.TimeoutError: Page.wait_for_selector: Timeout 30000ms exceeded.
Call log:
waiting for locator("span.entitiesDataListTotalPages") to be visible

2025-01-06 14:14:45 [scrapy.core.engine] INFO: Closing spider (finished)
2025-01-06 14:14:45 [scrapy.extensions.feedexport] INFO: Stored json feed (0 items) in: o1.json
2025-01-06 14:14:45 [scrapy.statscollectors] INFO: Dumping Scrapy stats:
{'downloader/request_bytes': 215,
 'downloader/request_count': 1,
 'downloader/request_method_count/GET': 1,
 'downloader/response_bytes': 1587,
 'downloader/response_count': 1,
 'downloader/response_status_count/200': 1,
 'elapsed_time_seconds': 41.135408,
 'feedexport/success_count/FileFeedStorage': 1,
 'finish_reason': 'finished',
 'finish_time': datetime.datetime(2025, 1, 6, 13, 14, 45, 93826, tzinfo=datetime.timezone.utc),
 'log_count/ERROR': 1,
 'log_count/INFO': 16,
 'memusage/max': 77582336,
 'memusage/startup': 77582336,
 'playwright/browser_count': 1,
 'playwright/context_count': 1,
 'playwright/context_count/max_concurrent': 1,
 'playwright/context_count/persistent/False': 1,
 'playwright/context_count/remote/False': 1,
 'playwright/page_count': 1,
 'playwright/page_count/max_concurrent': 1,
 'playwright/request_count': 4,
 'playwright/request_count/aborted': 2,
 'playwright/request_count/method/GET': 4,
 'playwright/request_count/navigation': 2,
 'playwright/request_count/resource_type/document': 2,
 'playwright/request_count/resource_type/stylesheet': 2,
 'playwright/response_count': 2,
 'playwright/response_count/method/GET': 2,
 'playwright/response_count/resource_type/document': 2,
 'response_received_count': 1,
 'scheduler/dequeued': 1,
 'scheduler/dequeued/memory': 1,
 'scheduler/enqueued': 1,
 'scheduler/enqueued/memory': 1,
 'spider_exceptions/TimeoutError': 1,
 'start_time': datetime.datetime(2025, 1, 6, 13, 14, 3, 958418, tzinfo=datetime.timezone.utc)}
2025-01-06 14:14:45 [scrapy.core.engine] INFO: Spider closed (finished)
2025-01-06 14:14:45 [scrapy-playwright] INFO: Closing download handler
2025-01-06 14:14:45 [scrapy-playwright] INFO: Closing download handler
2025-01-06 14:14:45 [scrapy-playwright] INFO: Closing browser
2025-01-06 14:15:07 [scrapy.utils.log] INFO: Scrapy 2.11.2 started (bot: pw_scraper)
2025-01-06 14:15:07 [scrapy.utils.log] INFO: Versions: lxml 4.8.0.0, libxml2 2.9.13, cssselect 1.2.0, parsel 1.9.1, w3lib 2.2.1, Twisted 24.7.0, Python 3.10.12 (main, Nov  6 2024, 20:22:13) [GCC 11.4.0], pyOpenSSL 24.2.1 (OpenSSL 3.3.2 3 Sep 2024), cryptography 43.0.1, Platform Linux-6.8.0-50-generic-x86_64-with-glibc2.35
2025-01-06 14:15:07 [scrapy.addons] INFO: Enabled addons:
[]
2025-01-06 14:15:07 [scrapy.extensions.telnet] INFO: Telnet Password: 714611a9b521c989
2025-01-06 14:15:07 [scrapy.middleware] INFO: Enabled extensions:
['scrapy.extensions.corestats.CoreStats',
 'scrapy.extensions.telnet.TelnetConsole',
 'scrapy.extensions.memusage.MemoryUsage',
 'scrapy.extensions.feedexport.FeedExporter',
 'scrapy.extensions.logstats.LogStats',
 'scrapy.extensions.throttle.AutoThrottle']
2025-01-06 14:15:07 [scrapy.crawler] INFO: Overridden settings:
{'AUTOTHROTTLE_ENABLED': True,
 'BOT_NAME': 'pw_scraper',
 'CONCURRENT_REQUESTS': 10,
 'FEED_EXPORT_ENCODING': 'utf-8',
 'LOG_FILE': 'scrapy_errors.log',
 'LOG_LEVEL': 'INFO',
 'NEWSPIDER_MODULE': 'pw_scraper.spiders',
 'REQUEST_FINGERPRINTER_IMPLEMENTATION': '2.7',
 'RETRY_HTTP_CODES': [500],
 'RETRY_TIMES': 5,
 'SPIDER_MODULES': ['pw_scraper.spiders'],
 'TWISTED_REACTOR': 'twisted.internet.asyncioreactor.AsyncioSelectorReactor'}
2025-01-06 14:15:08 [scrapy.middleware] INFO: Enabled downloader middlewares:
['scrapy.downloadermiddlewares.offsite.OffsiteMiddleware',
 'scrapy.downloadermiddlewares.httpauth.HttpAuthMiddleware',
 'scrapy.downloadermiddlewares.downloadtimeout.DownloadTimeoutMiddleware',
 'scrapy.downloadermiddlewares.defaultheaders.DefaultHeadersMiddleware',
 'scrapy.downloadermiddlewares.useragent.UserAgentMiddleware',
 'pw_scraper.middlewares.pw_scraperDownloaderMiddleware',
 'scrapy.downloadermiddlewares.retry.RetryMiddleware',
 'scrapy.downloadermiddlewares.redirect.MetaRefreshMiddleware',
 'scrapy.downloadermiddlewares.httpcompression.HttpCompressionMiddleware',
 'scrapy.downloadermiddlewares.redirect.RedirectMiddleware',
 'scrapy.downloadermiddlewares.cookies.CookiesMiddleware',
 'scrapy.downloadermiddlewares.httpproxy.HttpProxyMiddleware',
 'scrapy.downloadermiddlewares.stats.DownloaderStats']
2025-01-06 14:15:08 [scrapy.middleware] INFO: Enabled spider middlewares:
['scrapy.spidermiddlewares.httperror.HttpErrorMiddleware',
 'scrapy.spidermiddlewares.referer.RefererMiddleware',
 'scrapy.spidermiddlewares.urllength.UrlLengthMiddleware',
 'scrapy.spidermiddlewares.depth.DepthMiddleware']
2025-01-06 14:15:08 [scrapy.middleware] INFO: Enabled item pipelines:
['pw_scraper.pipelines.CleanItemsPipeline']
2025-01-06 14:15:08 [scrapy.core.engine] INFO: Spider opened
2025-01-06 14:15:08 [scrapy.extensions.logstats] INFO: Crawled 0 pages (at 0 pages/min), scraped 0 items (at 0 items/min)
2025-01-06 14:15:08 [publications] INFO: Spider opened: publications
2025-01-06 14:15:08 [scrapy.extensions.telnet] INFO: Telnet console listening on 127.0.0.1:6023
2025-01-06 14:15:08 [scrapy-playwright] INFO: Starting download handler
2025-01-06 14:15:08 [scrapy-playwright] INFO: Starting download handler
2025-01-06 14:15:13 [scrapy-playwright] INFO: Launching browser chromium
2025-01-06 14:15:13 [scrapy-playwright] INFO: Browser chromium launched
2025-01-06 14:15:29 [scrapy.core.scraper] ERROR: Spider error processing <GET https://repo.pw.edu.pl> (referer: None)
Traceback (most recent call last):
  File "/home/milosz/.local/lib/python3.10/site-packages/scrapy/utils/defer.py", line 295, in aiter_errback
    yield await it.__anext__()
  File "/home/milosz/.local/lib/python3.10/site-packages/scrapy/utils/python.py", line 374, in __anext__
    return await self.data.__anext__()
  File "/home/milosz/.local/lib/python3.10/site-packages/scrapy/utils/python.py", line 355, in _async_chain
    async for o in as_async_generator(it):
  File "/home/milosz/.local/lib/python3.10/site-packages/scrapy/utils/asyncgen.py", line 14, in as_async_generator
    async for r in it:
  File "/home/milosz/.local/lib/python3.10/site-packages/scrapy/utils/python.py", line 374, in __anext__
    return await self.data.__anext__()
  File "/home/milosz/.local/lib/python3.10/site-packages/scrapy/utils/python.py", line 355, in _async_chain
    async for o in as_async_generator(it):
  File "/home/milosz/.local/lib/python3.10/site-packages/scrapy/utils/asyncgen.py", line 14, in as_async_generator
    async for r in it:
  File "/home/milosz/.local/lib/python3.10/site-packages/scrapy/core/spidermw.py", line 118, in process_async
    async for r in iterable:
  File "/home/milosz/.local/lib/python3.10/site-packages/scrapy/spidermiddlewares/referer.py", line 355, in process_spider_output_async
    async for r in result or ():
  File "/home/milosz/.local/lib/python3.10/site-packages/scrapy/core/spidermw.py", line 118, in process_async
    async for r in iterable:
  File "/home/milosz/.local/lib/python3.10/site-packages/scrapy/spidermiddlewares/urllength.py", line 30, in process_spider_output_async
    async for r in result or ():
  File "/home/milosz/.local/lib/python3.10/site-packages/scrapy/core/spidermw.py", line 118, in process_async
    async for r in iterable:
  File "/home/milosz/.local/lib/python3.10/site-packages/scrapy/spidermiddlewares/depth.py", line 35, in process_spider_output_async
    async for r in result or ():
  File "/home/milosz/.local/lib/python3.10/site-packages/scrapy/core/spidermw.py", line 118, in process_async
    async for r in iterable:
  File "/home/milosz/Desktop/pw_scraper/PW-Scraper/pw_scraper/spiders/publications.py", line 36, in parse_pages
    await page.wait_for_selector('span.entitiesDataListTotalPages', state='visible')
  File "/home/milosz/.local/lib/python3.10/site-packages/playwright/async_api/_generated.py", line 8158, in wait_for_selector
    await self._impl_obj.wait_for_selector(
  File "/home/milosz/.local/lib/python3.10/site-packages/playwright/_impl/_page.py", line 426, in wait_for_selector
    return await self._main_frame.wait_for_selector(**locals_to_params(locals()))
  File "/home/milosz/.local/lib/python3.10/site-packages/playwright/_impl/_frame.py", line 323, in wait_for_selector
    await self._channel.send("waitForSelector", locals_to_params(locals()))
  File "/home/milosz/.local/lib/python3.10/site-packages/playwright/_impl/_connection.py", line 59, in send
    return await self._connection.wrap_api_call(
  File "/home/milosz/.local/lib/python3.10/site-packages/playwright/_impl/_connection.py", line 520, in wrap_api_call
    raise rewrite_error(error, f"{parsed_st['apiName']}: {error}") from None
playwright._impl._errors.TargetClosedError: Page.wait_for_selector: Target page, context or browser has been closed
Call log:
waiting for locator("span.entitiesDataListTotalPages") to be visible

2025-01-06 14:15:29 [scrapy.core.engine] INFO: Closing spider (finished)
2025-01-06 14:15:29 [scrapy.extensions.feedexport] INFO: Stored json feed (0 items) in: o1.json
2025-01-06 14:15:29 [scrapy.statscollectors] INFO: Dumping Scrapy stats:
{'downloader/request_bytes': 215,
 'downloader/request_count': 1,
 'downloader/request_method_count/GET': 1,
 'downloader/response_bytes': 1587,
 'downloader/response_count': 1,
 'downloader/response_status_count/200': 1,
 'elapsed_time_seconds': 20.875649,
 'feedexport/success_count/FileFeedStorage': 1,
 'finish_reason': 'finished',
 'finish_time': datetime.datetime(2025, 1, 6, 13, 15, 29, 95938, tzinfo=datetime.timezone.utc),
 'log_count/ERROR': 1,
 'log_count/INFO': 16,
 'memusage/max': 77938688,
 'memusage/startup': 77938688,
 'playwright/browser_count': 1,
 'playwright/context_count': 1,
 'playwright/context_count/max_concurrent': 1,
 'playwright/context_count/persistent/False': 1,
 'playwright/context_count/remote/False': 1,
 'playwright/page_count': 1,
 'playwright/page_count/max_concurrent': 1,
 'playwright/request_count': 4,
 'playwright/request_count/aborted': 2,
 'playwright/request_count/method/GET': 4,
 'playwright/request_count/navigation': 2,
 'playwright/request_count/resource_type/document': 2,
 'playwright/request_count/resource_type/stylesheet': 2,
 'playwright/response_count': 2,
 'playwright/response_count/method/GET': 2,
 'playwright/response_count/resource_type/document': 2,
 'response_received_count': 1,
 'scheduler/dequeued': 1,
 'scheduler/dequeued/memory': 1,
 'scheduler/enqueued': 1,
 'scheduler/enqueued/memory': 1,
 'spider_exceptions/TargetClosedError': 1,
 'start_time': datetime.datetime(2025, 1, 6, 13, 15, 8, 220289, tzinfo=datetime.timezone.utc)}
2025-01-06 14:15:29 [scrapy.core.engine] INFO: Spider closed (finished)
2025-01-06 14:15:29 [scrapy-playwright] INFO: Closing download handler
2025-01-06 14:15:29 [scrapy-playwright] INFO: Closing download handler
2025-01-06 14:15:29 [scrapy-playwright] INFO: Closing browser
